L 11/11/2023 - 14:03:44: SourceMod error session started
L 11/11/2023 - 14:03:44: Info (map "mario_kart_2_v30") (file "C:\Users\Administrator\Desktop\myserver\seri\steamapps\common\Team Fortress 2 Dedicated Server\tf\addons\sourcemod\logs\errors_20231111.log")
L 11/11/2023 - 14:03:44: [nextmap.smx] FATAL: Cannot load map cycle. Nextmap not loaded.
L 11/11/2023 - 14:03:44: [SM] Exception reported: Mapcycle Not Found
L 11/11/2023 - 14:03:44: [SM] Blaming: nextmap.smx
L 11/11/2023 - 14:03:44: [SM] Call stack trace:
L 11/11/2023 - 14:03:44: [SM]   [0] SetFailState
L 11/11/2023 - 14:03:44: [SM]   [1] Line 142, D:\builds\build-sourcemod-msvc12\windows-1.11\build\plugins\nextmap.sp::FindAndSetNextMap
L 11/11/2023 - 14:03:44: [SM]   [2] Line 112, D:\builds\build-sourcemod-msvc12\windows-1.11\build\plugins\nextmap.sp::OnConfigsExecuted
L 11/11/2023 - 22:21:42: Error log file session closed.
L 11/11/2023 - 22:24:40: SourceMod error session started
L 11/11/2023 - 22:24:40: Info (map "mario_kart_2_v30") (file "C:\Users\Administrator\Desktop\myserver\seri\steamapps\common\Team Fortress 2 Dedicated Server\tf\addons\sourcemod\logs\errors_20231111.log")
L 11/11/2023 - 22:24:40: [nextmap.smx] FATAL: Cannot load map cycle. Nextmap not loaded.
L 11/11/2023 - 22:24:40: [SM] Exception reported: Mapcycle Not Found
L 11/11/2023 - 22:24:40: [SM] Blaming: nextmap.smx
L 11/11/2023 - 22:24:40: [SM] Call stack trace:
L 11/11/2023 - 22:24:40: [SM]   [0] SetFailState
L 11/11/2023 - 22:24:40: [SM]   [1] Line 142, D:\builds\build-sourcemod-msvc12\windows-1.11\build\plugins\nextmap.sp::FindAndSetNextMap
L 11/11/2023 - 22:24:40: [SM]   [2] Line 112, D:\builds\build-sourcemod-msvc12\windows-1.11\build\plugins\nextmap.sp::OnConfigsExecuted
L 11/12/2023 - 11:03:23: Error log file session closed.
