L 11/10/2023 - 00:11:47: SourceMod log file session started (file "C:\Users\Administrator\Desktop\myserver\seri\steamapps\common\Team Fortress 2 Dedicated Server\tf\addons\sourcemod\logs\L20231110.log") (Version "1.11.0.6947")
L 11/10/2023 - 00:11:47: [playercommands.smx] "☺♦•◘♣☻♠○<4><[U:1:184909507]><>" slayed "lhaikk<5><[U:1:873047617]><>"
L 11/10/2023 - 00:23:50: [playercommands.smx] "☺♦•◘♣☻♠○<4><[U:1:184909507]><>" slapped "☺♦•◘♣☻♠○<4><[U:1:184909507]><>" (damage "0")
L 11/10/2023 - 00:23:50: [playercommands.smx] "☺♦•◘♣☻♠○<4><[U:1:184909507]><>" slapped "☺♦•◘♣☻♠○<4><[U:1:184909507]><>" (damage "0")
L 11/10/2023 - 00:23:50: [playercommands.smx] "☺♦•◘♣☻♠○<4><[U:1:184909507]><>" slapped "☺♦•◘♣☻♠○<4><[U:1:184909507]><>" (damage "0")
L 11/10/2023 - 00:23:51: [playercommands.smx] "☺♦•◘♣☻♠○<4><[U:1:184909507]><>" slapped "☺♦•◘♣☻♠○<4><[U:1:184909507]><>" (damage "0")
L 11/10/2023 - 00:23:51: [playercommands.smx] "☺♦•◘♣☻♠○<4><[U:1:184909507]><>" slapped "☺♦•◘♣☻♠○<4><[U:1:184909507]><>" (damage "0")
L 11/10/2023 - 00:23:51: [playercommands.smx] "☺♦•◘♣☻♠○<4><[U:1:184909507]><>" slapped "☺♦•◘♣☻♠○<4><[U:1:184909507]><>" (damage "0")
L 11/10/2023 - 00:23:52: [playercommands.smx] "☺♦•◘♣☻♠○<4><[U:1:184909507]><>" slapped "☺♦•◘♣☻♠○<4><[U:1:184909507]><>" (damage "0")
L 11/10/2023 - 00:23:52: [playercommands.smx] "☺♦•◘♣☻♠○<4><[U:1:184909507]><>" slapped "☺♦•◘♣☻♠○<4><[U:1:184909507]><>" (damage "0")
L 11/10/2023 - 00:23:52: [playercommands.smx] "☺♦•◘♣☻♠○<4><[U:1:184909507]><>" slapped "☺♦•◘♣☻♠○<4><[U:1:184909507]><>" (damage "0")
L 11/10/2023 - 00:23:53: [playercommands.smx] "☺♦•◘♣☻♠○<4><[U:1:184909507]><>" slapped "☺♦•◘♣☻♠○<4><[U:1:184909507]><>" (damage "0")
L 11/10/2023 - 00:23:53: [playercommands.smx] "☺♦•◘♣☻♠○<4><[U:1:184909507]><>" slapped "☺♦•◘♣☻♠○<4><[U:1:184909507]><>" (damage "0")
L 11/10/2023 - 00:23:53: [playercommands.smx] "☺♦•◘♣☻♠○<4><[U:1:184909507]><>" slapped "☺♦•◘♣☻♠○<4><[U:1:184909507]><>" (damage "0")
L 11/10/2023 - 00:23:54: [playercommands.smx] "☺♦•◘♣☻♠○<4><[U:1:184909507]><>" slapped "☺♦•◘♣☻♠○<4><[U:1:184909507]><>" (damage "0")
L 11/10/2023 - 00:23:54: [playercommands.smx] "☺♦•◘♣☻♠○<4><[U:1:184909507]><>" slapped "☺♦•◘♣☻♠○<4><[U:1:184909507]><>" (damage "0")
L 11/10/2023 - 00:23:54: [playercommands.smx] "☺♦•◘♣☻♠○<4><[U:1:184909507]><>" slapped "☺♦•◘♣☻♠○<4><[U:1:184909507]><>" (damage "0")
L 11/10/2023 - 00:23:54: [playercommands.smx] "☺♦•◘♣☻♠○<4><[U:1:184909507]><>" slapped "☺♦•◘♣☻♠○<4><[U:1:184909507]><>" (damage "0")
L 11/10/2023 - 00:23:54: [playercommands.smx] "☺♦•◘♣☻♠○<4><[U:1:184909507]><>" slapped "☺♦•◘♣☻♠○<4><[U:1:184909507]><>" (damage "0")
L 11/10/2023 - 00:23:54: [playercommands.smx] "☺♦•◘♣☻♠○<4><[U:1:184909507]><>" slapped "☺♦•◘♣☻♠○<4><[U:1:184909507]><>" (damage "0")
L 11/10/2023 - 00:23:55: [playercommands.smx] "☺♦•◘♣☻♠○<4><[U:1:184909507]><>" slapped "☺♦•◘♣☻♠○<4><[U:1:184909507]><>" (damage "0")
L 11/10/2023 - 00:23:55: [playercommands.smx] "☺♦•◘♣☻♠○<4><[U:1:184909507]><>" slapped "☺♦•◘♣☻♠○<4><[U:1:184909507]><>" (damage "0")
L 11/10/2023 - 00:23:55: [playercommands.smx] "☺♦•◘♣☻♠○<4><[U:1:184909507]><>" slapped "☺♦•◘♣☻♠○<4><[U:1:184909507]><>" (damage "0")
L 11/10/2023 - 00:23:55: [playercommands.smx] "☺♦•◘♣☻♠○<4><[U:1:184909507]><>" slapped "☺♦•◘♣☻♠○<4><[U:1:184909507]><>" (damage "0")
L 11/10/2023 - 00:23:55: [playercommands.smx] "☺♦•◘♣☻♠○<4><[U:1:184909507]><>" slapped "☺♦•◘♣☻♠○<4><[U:1:184909507]><>" (damage "0")
L 11/10/2023 - 00:23:55: [playercommands.smx] "☺♦•◘♣☻♠○<4><[U:1:184909507]><>" slapped "☺♦•◘♣☻♠○<4><[U:1:184909507]><>" (damage "0")
L 11/10/2023 - 00:23:56: [playercommands.smx] "☺♦•◘♣☻♠○<4><[U:1:184909507]><>" slapped "☺♦•◘♣☻♠○<4><[U:1:184909507]><>" (damage "0")
L 11/10/2023 - 00:23:56: [playercommands.smx] "☺♦•◘♣☻♠○<4><[U:1:184909507]><>" slapped "☺♦•◘♣☻♠○<4><[U:1:184909507]><>" (damage "0")
L 11/10/2023 - 00:23:56: [playercommands.smx] "☺♦•◘♣☻♠○<4><[U:1:184909507]><>" slapped "☺♦•◘♣☻♠○<4><[U:1:184909507]><>" (damage "0")
L 11/10/2023 - 00:23:56: [playercommands.smx] "☺♦•◘♣☻♠○<4><[U:1:184909507]><>" slapped "☺♦•◘♣☻♠○<4><[U:1:184909507]><>" (damage "0")
L 11/10/2023 - 00:23:57: [playercommands.smx] "☺♦•◘♣☻♠○<4><[U:1:184909507]><>" slapped "☺♦•◘♣☻♠○<4><[U:1:184909507]><>" (damage "0")
L 11/10/2023 - 00:23:57: [playercommands.smx] "☺♦•◘♣☻♠○<4><[U:1:184909507]><>" slapped "☺♦•◘♣☻♠○<4><[U:1:184909507]><>" (damage "0")
L 11/10/2023 - 00:23:57: [playercommands.smx] "☺♦•◘♣☻♠○<4><[U:1:184909507]><>" slapped "☺♦•◘♣☻♠○<4><[U:1:184909507]><>" (damage "0")
L 11/10/2023 - 00:23:57: [playercommands.smx] "☺♦•◘♣☻♠○<4><[U:1:184909507]><>" slapped "☺♦•◘♣☻♠○<4><[U:1:184909507]><>" (damage "0")
L 11/10/2023 - 00:23:57: [playercommands.smx] "☺♦•◘♣☻♠○<4><[U:1:184909507]><>" slapped "☺♦•◘♣☻♠○<4><[U:1:184909507]><>" (damage "0")
L 11/10/2023 - 00:23:58: [playercommands.smx] "☺♦•◘♣☻♠○<4><[U:1:184909507]><>" slapped "☺♦•◘♣☻♠○<4><[U:1:184909507]><>" (damage "0")
L 11/10/2023 - 00:23:58: [playercommands.smx] "☺♦•◘♣☻♠○<4><[U:1:184909507]><>" slapped "☺♦•◘♣☻♠○<4><[U:1:184909507]><>" (damage "0")
L 11/10/2023 - 00:23:58: [playercommands.smx] "☺♦•◘♣☻♠○<4><[U:1:184909507]><>" slapped "☺♦•◘♣☻♠○<4><[U:1:184909507]><>" (damage "0")
L 11/10/2023 - 00:23:58: [playercommands.smx] "☺♦•◘♣☻♠○<4><[U:1:184909507]><>" slapped "☺♦•◘♣☻♠○<4><[U:1:184909507]><>" (damage "0")
L 11/10/2023 - 00:24:00: [playercommands.smx] "☺♦•◘♣☻♠○<4><[U:1:184909507]><>" slapped "☺♦•◘♣☻♠○<4><[U:1:184909507]><>" (damage "0")
L 11/10/2023 - 00:24:00: [playercommands.smx] "☺♦•◘♣☻♠○<4><[U:1:184909507]><>" slapped "☺♦•◘♣☻♠○<4><[U:1:184909507]><>" (damage "0")
L 11/10/2023 - 00:24:00: [playercommands.smx] "☺♦•◘♣☻♠○<4><[U:1:184909507]><>" slapped "☺♦•◘♣☻♠○<4><[U:1:184909507]><>" (damage "0")
L 11/10/2023 - 00:24:00: [playercommands.smx] "☺♦•◘♣☻♠○<4><[U:1:184909507]><>" slapped "☺♦•◘♣☻♠○<4><[U:1:184909507]><>" (damage "0")
L 11/10/2023 - 00:24:01: [playercommands.smx] "☺♦•◘♣☻♠○<4><[U:1:184909507]><>" slapped "☺♦•◘♣☻♠○<4><[U:1:184909507]><>" (damage "0")
L 11/10/2023 - 00:24:01: [playercommands.smx] "☺♦•◘♣☻♠○<4><[U:1:184909507]><>" slapped "☺♦•◘♣☻♠○<4><[U:1:184909507]><>" (damage "0")
L 11/10/2023 - 00:24:01: [playercommands.smx] "☺♦•◘♣☻♠○<4><[U:1:184909507]><>" slapped "☺♦•◘♣☻♠○<4><[U:1:184909507]><>" (damage "0")
L 11/10/2023 - 00:24:01: [playercommands.smx] "☺♦•◘♣☻♠○<4><[U:1:184909507]><>" slapped "☺♦•◘♣☻♠○<4><[U:1:184909507]><>" (damage "0")
L 11/10/2023 - 00:24:02: [playercommands.smx] "☺♦•◘♣☻♠○<4><[U:1:184909507]><>" slapped "☺♦•◘♣☻♠○<4><[U:1:184909507]><>" (damage "0")
L 11/10/2023 - 00:24:02: [playercommands.smx] "☺♦•◘♣☻♠○<4><[U:1:184909507]><>" slapped "☺♦•◘♣☻♠○<4><[U:1:184909507]><>" (damage "0")
L 11/10/2023 - 00:24:02: [playercommands.smx] "☺♦•◘♣☻♠○<4><[U:1:184909507]><>" slapped "☺♦•◘♣☻♠○<4><[U:1:184909507]><>" (damage "0")
L 11/10/2023 - 00:24:02: [playercommands.smx] "☺♦•◘♣☻♠○<4><[U:1:184909507]><>" slapped "☺♦•◘♣☻♠○<4><[U:1:184909507]><>" (damage "0")
L 11/10/2023 - 00:24:02: [playercommands.smx] "☺♦•◘♣☻♠○<4><[U:1:184909507]><>" slapped "☺♦•◘♣☻♠○<4><[U:1:184909507]><>" (damage "0")
L 11/10/2023 - 00:24:03: [playercommands.smx] "☺♦•◘♣☻♠○<4><[U:1:184909507]><>" slapped "☺♦•◘♣☻♠○<4><[U:1:184909507]><>" (damage "0")
L 11/10/2023 - 00:24:03: [playercommands.smx] "☺♦•◘♣☻♠○<4><[U:1:184909507]><>" slapped "☺♦•◘♣☻♠○<4><[U:1:184909507]><>" (damage "0")
L 11/10/2023 - 00:24:03: [playercommands.smx] "☺♦•◘♣☻♠○<4><[U:1:184909507]><>" slapped "☺♦•◘♣☻♠○<4><[U:1:184909507]><>" (damage "0")
L 11/10/2023 - 00:24:03: [playercommands.smx] "☺♦•◘♣☻♠○<4><[U:1:184909507]><>" slapped "☺♦•◘♣☻♠○<4><[U:1:184909507]><>" (damage "0")
L 11/10/2023 - 00:24:03: [playercommands.smx] "☺♦•◘♣☻♠○<4><[U:1:184909507]><>" slapped "☺♦•◘♣☻♠○<4><[U:1:184909507]><>" (damage "0")
L 11/10/2023 - 00:24:03: [playercommands.smx] "☺♦•◘♣☻♠○<4><[U:1:184909507]><>" slapped "☺♦•◘♣☻♠○<4><[U:1:184909507]><>" (damage "0")
L 11/10/2023 - 00:24:04: [playercommands.smx] "☺♦•◘♣☻♠○<4><[U:1:184909507]><>" slapped "☺♦•◘♣☻♠○<4><[U:1:184909507]><>" (damage "0")
L 11/10/2023 - 00:24:04: [playercommands.smx] "☺♦•◘♣☻♠○<4><[U:1:184909507]><>" slapped "☺♦•◘♣☻♠○<4><[U:1:184909507]><>" (damage "0")
L 11/10/2023 - 00:24:04: [playercommands.smx] "☺♦•◘♣☻♠○<4><[U:1:184909507]><>" slapped "☺♦•◘♣☻♠○<4><[U:1:184909507]><>" (damage "0")
L 11/10/2023 - 00:24:04: [playercommands.smx] "☺♦•◘♣☻♠○<4><[U:1:184909507]><>" slapped "☺♦•◘♣☻♠○<4><[U:1:184909507]><>" (damage "0")
L 11/10/2023 - 00:24:06: [playercommands.smx] "☺♦•◘♣☻♠○<4><[U:1:184909507]><>" slapped "☺♦•◘♣☻♠○<4><[U:1:184909507]><>" (damage "0")
L 11/10/2023 - 00:24:06: [playercommands.smx] "☺♦•◘♣☻♠○<4><[U:1:184909507]><>" slapped "☺♦•◘♣☻♠○<4><[U:1:184909507]><>" (damage "0")
L 11/10/2023 - 00:24:06: [playercommands.smx] "☺♦•◘♣☻♠○<4><[U:1:184909507]><>" slapped "☺♦•◘♣☻♠○<4><[U:1:184909507]><>" (damage "0")
L 11/10/2023 - 00:24:07: [playercommands.smx] "☺♦•◘♣☻♠○<4><[U:1:184909507]><>" slapped "☺♦•◘♣☻♠○<4><[U:1:184909507]><>" (damage "0")
L 11/10/2023 - 00:24:07: [playercommands.smx] "☺♦•◘♣☻♠○<4><[U:1:184909507]><>" slapped "☺♦•◘♣☻♠○<4><[U:1:184909507]><>" (damage "0")
L 11/10/2023 - 00:24:07: [playercommands.smx] "☺♦•◘♣☻♠○<4><[U:1:184909507]><>" slapped "☺♦•◘♣☻♠○<4><[U:1:184909507]><>" (damage "0")
L 11/10/2023 - 00:24:07: [playercommands.smx] "☺♦•◘♣☻♠○<4><[U:1:184909507]><>" slapped "☺♦•◘♣☻♠○<4><[U:1:184909507]><>" (damage "0")
L 11/10/2023 - 00:24:07: [playercommands.smx] "☺♦•◘♣☻♠○<4><[U:1:184909507]><>" slapped "☺♦•◘♣☻♠○<4><[U:1:184909507]><>" (damage "0")
L 11/10/2023 - 00:24:08: [playercommands.smx] "☺♦•◘♣☻♠○<4><[U:1:184909507]><>" slapped "☺♦•◘♣☻♠○<4><[U:1:184909507]><>" (damage "0")
L 11/10/2023 - 00:24:08: [playercommands.smx] "☺♦•◘♣☻♠○<4><[U:1:184909507]><>" slapped "☺♦•◘♣☻♠○<4><[U:1:184909507]><>" (damage "0")
L 11/10/2023 - 00:24:08: [playercommands.smx] "☺♦•◘♣☻♠○<4><[U:1:184909507]><>" slapped "☺♦•◘♣☻♠○<4><[U:1:184909507]><>" (damage "0")
L 11/10/2023 - 00:24:08: [playercommands.smx] "☺♦•◘♣☻♠○<4><[U:1:184909507]><>" slapped "☺♦•◘♣☻♠○<4><[U:1:184909507]><>" (damage "0")
L 11/10/2023 - 00:24:08: [playercommands.smx] "☺♦•◘♣☻♠○<4><[U:1:184909507]><>" slapped "☺♦•◘♣☻♠○<4><[U:1:184909507]><>" (damage "0")
L 11/10/2023 - 00:24:09: [playercommands.smx] "☺♦•◘♣☻♠○<4><[U:1:184909507]><>" slapped "☺♦•◘♣☻♠○<4><[U:1:184909507]><>" (damage "0")
L 11/10/2023 - 00:24:09: [playercommands.smx] "☺♦•◘♣☻♠○<4><[U:1:184909507]><>" slapped "☺♦•◘♣☻♠○<4><[U:1:184909507]><>" (damage "0")
L 11/10/2023 - 00:24:09: [playercommands.smx] "☺♦•◘♣☻♠○<4><[U:1:184909507]><>" slapped "☺♦•◘♣☻♠○<4><[U:1:184909507]><>" (damage "0")
L 11/10/2023 - 00:24:09: [playercommands.smx] "☺♦•◘♣☻♠○<4><[U:1:184909507]><>" slapped "☺♦•◘♣☻♠○<4><[U:1:184909507]><>" (damage "0")
L 11/10/2023 - 00:24:10: [playercommands.smx] "☺♦•◘♣☻♠○<4><[U:1:184909507]><>" slapped "☺♦•◘♣☻♠○<4><[U:1:184909507]><>" (damage "0")
L 11/10/2023 - 00:24:10: [playercommands.smx] "☺♦•◘♣☻♠○<4><[U:1:184909507]><>" slapped "☺♦•◘♣☻♠○<4><[U:1:184909507]><>" (damage "0")
L 11/10/2023 - 00:24:11: [playercommands.smx] "☺♦•◘♣☻♠○<4><[U:1:184909507]><>" slapped "☺♦•◘♣☻♠○<4><[U:1:184909507]><>" (damage "0")
L 11/10/2023 - 00:24:11: [playercommands.smx] "☺♦•◘♣☻♠○<4><[U:1:184909507]><>" slapped "☺♦•◘♣☻♠○<4><[U:1:184909507]><>" (damage "0")
L 11/10/2023 - 00:24:11: [playercommands.smx] "☺♦•◘♣☻♠○<4><[U:1:184909507]><>" slapped "☺♦•◘♣☻♠○<4><[U:1:184909507]><>" (damage "0")
L 11/10/2023 - 00:24:11: [playercommands.smx] "☺♦•◘♣☻♠○<4><[U:1:184909507]><>" slapped "☺♦•◘♣☻♠○<4><[U:1:184909507]><>" (damage "0")
L 11/10/2023 - 00:24:11: [playercommands.smx] "☺♦•◘♣☻♠○<4><[U:1:184909507]><>" slapped "☺♦•◘♣☻♠○<4><[U:1:184909507]><>" (damage "0")
L 11/10/2023 - 00:24:11: [playercommands.smx] "☺♦•◘♣☻♠○<4><[U:1:184909507]><>" slapped "☺♦•◘♣☻♠○<4><[U:1:184909507]><>" (damage "0")
L 11/10/2023 - 00:24:12: [playercommands.smx] "☺♦•◘♣☻♠○<4><[U:1:184909507]><>" slapped "☺♦•◘♣☻♠○<4><[U:1:184909507]><>" (damage "0")
L 11/10/2023 - 00:24:12: [playercommands.smx] "☺♦•◘♣☻♠○<4><[U:1:184909507]><>" slapped "☺♦•◘♣☻♠○<4><[U:1:184909507]><>" (damage "0")
L 11/10/2023 - 00:24:12: [playercommands.smx] "☺♦•◘♣☻♠○<4><[U:1:184909507]><>" slapped "☺♦•◘♣☻♠○<4><[U:1:184909507]><>" (damage "0")
L 11/10/2023 - 00:24:12: [playercommands.smx] "☺♦•◘♣☻♠○<4><[U:1:184909507]><>" slapped "☺♦•◘♣☻♠○<4><[U:1:184909507]><>" (damage "0")
L 11/10/2023 - 00:24:12: [playercommands.smx] "☺♦•◘♣☻♠○<4><[U:1:184909507]><>" slapped "☺♦•◘♣☻♠○<4><[U:1:184909507]><>" (damage "0")
L 11/10/2023 - 00:24:12: [playercommands.smx] "☺♦•◘♣☻♠○<4><[U:1:184909507]><>" slapped "☺♦•◘♣☻♠○<4><[U:1:184909507]><>" (damage "0")
L 11/10/2023 - 00:24:13: [playercommands.smx] "☺♦•◘♣☻♠○<4><[U:1:184909507]><>" slapped "☺♦•◘♣☻♠○<4><[U:1:184909507]><>" (damage "0")
L 11/10/2023 - 00:24:13: [playercommands.smx] "☺♦•◘♣☻♠○<4><[U:1:184909507]><>" slapped "☺♦•◘♣☻♠○<4><[U:1:184909507]><>" (damage "0")
L 11/10/2023 - 00:24:13: [playercommands.smx] "☺♦•◘♣☻♠○<4><[U:1:184909507]><>" slapped "☺♦•◘♣☻♠○<4><[U:1:184909507]><>" (damage "0")
L 11/10/2023 - 00:24:13: [playercommands.smx] "☺♦•◘♣☻♠○<4><[U:1:184909507]><>" slapped "☺♦•◘♣☻♠○<4><[U:1:184909507]><>" (damage "0")
L 11/10/2023 - 00:24:13: [playercommands.smx] "☺♦•◘♣☻♠○<4><[U:1:184909507]><>" slapped "☺♦•◘♣☻♠○<4><[U:1:184909507]><>" (damage "0")
L 11/10/2023 - 00:24:13: [playercommands.smx] "☺♦•◘♣☻♠○<4><[U:1:184909507]><>" slapped "☺♦•◘♣☻♠○<4><[U:1:184909507]><>" (damage "0")
L 11/10/2023 - 00:24:14: [playercommands.smx] "☺♦•◘♣☻♠○<4><[U:1:184909507]><>" slapped "☺♦•◘♣☻♠○<4><[U:1:184909507]><>" (damage "0")
L 11/10/2023 - 00:24:14: [playercommands.smx] "☺♦•◘♣☻♠○<4><[U:1:184909507]><>" slapped "☺♦•◘♣☻♠○<4><[U:1:184909507]><>" (damage "0")
L 11/10/2023 - 00:24:14: [playercommands.smx] "☺♦•◘♣☻♠○<4><[U:1:184909507]><>" slapped "☺♦•◘♣☻♠○<4><[U:1:184909507]><>" (damage "0")
L 11/10/2023 - 00:24:14: [playercommands.smx] "☺♦•◘♣☻♠○<4><[U:1:184909507]><>" slapped "☺♦•◘♣☻♠○<4><[U:1:184909507]><>" (damage "0")
L 11/10/2023 - 00:24:14: [playercommands.smx] "☺♦•◘♣☻♠○<4><[U:1:184909507]><>" slapped "☺♦•◘♣☻♠○<4><[U:1:184909507]><>" (damage "0")
L 11/10/2023 - 00:24:14: [playercommands.smx] "☺♦•◘♣☻♠○<4><[U:1:184909507]><>" slapped "☺♦•◘♣☻♠○<4><[U:1:184909507]><>" (damage "0")
L 11/10/2023 - 00:24:15: [playercommands.smx] "☺♦•◘♣☻♠○<4><[U:1:184909507]><>" slapped "☺♦•◘♣☻♠○<4><[U:1:184909507]><>" (damage "0")
L 11/10/2023 - 00:24:15: [playercommands.smx] "☺♦•◘♣☻♠○<4><[U:1:184909507]><>" slapped "☺♦•◘♣☻♠○<4><[U:1:184909507]><>" (damage "0")
L 11/10/2023 - 00:24:15: [playercommands.smx] "☺♦•◘♣☻♠○<4><[U:1:184909507]><>" slapped "☺♦•◘♣☻♠○<4><[U:1:184909507]><>" (damage "0")
L 11/10/2023 - 00:24:16: [playercommands.smx] "☺♦•◘♣☻♠○<4><[U:1:184909507]><>" slapped "☺♦•◘♣☻♠○<4><[U:1:184909507]><>" (damage "0")
L 11/10/2023 - 00:24:17: [playercommands.smx] "☺♦•◘♣☻♠○<4><[U:1:184909507]><>" slapped "☺♦•◘♣☻♠○<4><[U:1:184909507]><>" (damage "0")
L 11/10/2023 - 00:24:17: [playercommands.smx] "☺♦•◘♣☻♠○<4><[U:1:184909507]><>" slapped "☺♦•◘♣☻♠○<4><[U:1:184909507]><>" (damage "0")
L 11/10/2023 - 00:24:17: [playercommands.smx] "☺♦•◘♣☻♠○<4><[U:1:184909507]><>" slapped "☺♦•◘♣☻♠○<4><[U:1:184909507]><>" (damage "0")
L 11/10/2023 - 00:24:17: [playercommands.smx] "☺♦•◘♣☻♠○<4><[U:1:184909507]><>" slapped "☺♦•◘♣☻♠○<4><[U:1:184909507]><>" (damage "0")
L 11/10/2023 - 00:24:17: [playercommands.smx] "☺♦•◘♣☻♠○<4><[U:1:184909507]><>" slapped "☺♦•◘♣☻♠○<4><[U:1:184909507]><>" (damage "0")
L 11/10/2023 - 00:24:17: [playercommands.smx] "☺♦•◘♣☻♠○<4><[U:1:184909507]><>" slapped "☺♦•◘♣☻♠○<4><[U:1:184909507]><>" (damage "0")
L 11/10/2023 - 00:24:18: [playercommands.smx] "☺♦•◘♣☻♠○<4><[U:1:184909507]><>" slapped "☺♦•◘♣☻♠○<4><[U:1:184909507]><>" (damage "0")
L 11/10/2023 - 00:24:18: [playercommands.smx] "☺♦•◘♣☻♠○<4><[U:1:184909507]><>" slapped "☺♦•◘♣☻♠○<4><[U:1:184909507]><>" (damage "0")
L 11/10/2023 - 00:24:18: [playercommands.smx] "☺♦•◘♣☻♠○<4><[U:1:184909507]><>" slapped "☺♦•◘♣☻♠○<4><[U:1:184909507]><>" (damage "0")
L 11/10/2023 - 00:24:18: [playercommands.smx] "☺♦•◘♣☻♠○<4><[U:1:184909507]><>" slapped "☺♦•◘♣☻♠○<4><[U:1:184909507]><>" (damage "0")
L 11/10/2023 - 00:24:19: [playercommands.smx] "☺♦•◘♣☻♠○<4><[U:1:184909507]><>" slapped "☺♦•◘♣☻♠○<4><[U:1:184909507]><>" (damage "0")
L 11/10/2023 - 00:24:19: [playercommands.smx] "☺♦•◘♣☻♠○<4><[U:1:184909507]><>" slapped "☺♦•◘♣☻♠○<4><[U:1:184909507]><>" (damage "0")
L 11/10/2023 - 00:24:19: [playercommands.smx] "☺♦•◘♣☻♠○<4><[U:1:184909507]><>" slapped "☺♦•◘♣☻♠○<4><[U:1:184909507]><>" (damage "0")
L 11/10/2023 - 00:24:19: [playercommands.smx] "☺♦•◘♣☻♠○<4><[U:1:184909507]><>" slapped "☺♦•◘♣☻♠○<4><[U:1:184909507]><>" (damage "0")
L 11/10/2023 - 00:24:20: [playercommands.smx] "☺♦•◘♣☻♠○<4><[U:1:184909507]><>" slapped "☺♦•◘♣☻♠○<4><[U:1:184909507]><>" (damage "0")
L 11/10/2023 - 00:24:20: [playercommands.smx] "☺♦•◘♣☻♠○<4><[U:1:184909507]><>" slapped "☺♦•◘♣☻♠○<4><[U:1:184909507]><>" (damage "0")
L 11/10/2023 - 00:24:20: [playercommands.smx] "☺♦•◘♣☻♠○<4><[U:1:184909507]><>" slapped "☺♦•◘♣☻♠○<4><[U:1:184909507]><>" (damage "0")
L 11/10/2023 - 00:24:20: [playercommands.smx] "☺♦•◘♣☻♠○<4><[U:1:184909507]><>" slapped "☺♦•◘♣☻♠○<4><[U:1:184909507]><>" (damage "0")
L 11/10/2023 - 00:24:21: [playercommands.smx] "☺♦•◘♣☻♠○<4><[U:1:184909507]><>" slapped "☺♦•◘♣☻♠○<4><[U:1:184909507]><>" (damage "0")
L 11/10/2023 - 00:24:21: [playercommands.smx] "☺♦•◘♣☻♠○<4><[U:1:184909507]><>" slapped "☺♦•◘♣☻♠○<4><[U:1:184909507]><>" (damage "0")
L 11/10/2023 - 00:24:21: [playercommands.smx] "☺♦•◘♣☻♠○<4><[U:1:184909507]><>" slapped "☺♦•◘♣☻♠○<4><[U:1:184909507]><>" (damage "0")
L 11/10/2023 - 00:24:21: [playercommands.smx] "☺♦•◘♣☻♠○<4><[U:1:184909507]><>" slapped "☺♦•◘♣☻♠○<4><[U:1:184909507]><>" (damage "0")
L 11/10/2023 - 00:24:22: [playercommands.smx] "☺♦•◘♣☻♠○<4><[U:1:184909507]><>" slapped "☺♦•◘♣☻♠○<4><[U:1:184909507]><>" (damage "0")
L 11/10/2023 - 00:24:22: [playercommands.smx] "☺♦•◘♣☻♠○<4><[U:1:184909507]><>" slapped "☺♦•◘♣☻♠○<4><[U:1:184909507]><>" (damage "0")
L 11/10/2023 - 00:24:22: [playercommands.smx] "☺♦•◘♣☻♠○<4><[U:1:184909507]><>" slapped "☺♦•◘♣☻♠○<4><[U:1:184909507]><>" (damage "0")
L 11/10/2023 - 00:24:23: [playercommands.smx] "☺♦•◘♣☻♠○<4><[U:1:184909507]><>" slapped "☺♦•◘♣☻♠○<4><[U:1:184909507]><>" (damage "0")
L 11/10/2023 - 00:24:23: [playercommands.smx] "☺♦•◘♣☻♠○<4><[U:1:184909507]><>" slapped "☺♦•◘♣☻♠○<4><[U:1:184909507]><>" (damage "0")
L 11/10/2023 - 00:24:23: [playercommands.smx] "☺♦•◘♣☻♠○<4><[U:1:184909507]><>" slapped "☺♦•◘♣☻♠○<4><[U:1:184909507]><>" (damage "0")
L 11/10/2023 - 00:24:23: [playercommands.smx] "☺♦•◘♣☻♠○<4><[U:1:184909507]><>" slapped "☺♦•◘♣☻♠○<4><[U:1:184909507]><>" (damage "0")
L 11/10/2023 - 00:24:24: [playercommands.smx] "☺♦•◘♣☻♠○<4><[U:1:184909507]><>" slapped "☺♦•◘♣☻♠○<4><[U:1:184909507]><>" (damage "0")
L 11/10/2023 - 00:24:24: [playercommands.smx] "☺♦•◘♣☻♠○<4><[U:1:184909507]><>" slapped "☺♦•◘♣☻♠○<4><[U:1:184909507]><>" (damage "0")
L 11/10/2023 - 00:24:24: [playercommands.smx] "☺♦•◘♣☻♠○<4><[U:1:184909507]><>" slapped "☺♦•◘♣☻♠○<4><[U:1:184909507]><>" (damage "0")
L 11/10/2023 - 00:24:24: [playercommands.smx] "☺♦•◘♣☻♠○<4><[U:1:184909507]><>" slapped "☺♦•◘♣☻♠○<4><[U:1:184909507]><>" (damage "0")
L 11/10/2023 - 00:24:24: [playercommands.smx] "☺♦•◘♣☻♠○<4><[U:1:184909507]><>" slapped "☺♦•◘♣☻♠○<4><[U:1:184909507]><>" (damage "0")
L 11/10/2023 - 00:24:25: [playercommands.smx] "☺♦•◘♣☻♠○<4><[U:1:184909507]><>" slapped "☺♦•◘♣☻♠○<4><[U:1:184909507]><>" (damage "0")
L 11/10/2023 - 00:24:25: [playercommands.smx] "☺♦•◘♣☻♠○<4><[U:1:184909507]><>" slapped "☺♦•◘♣☻♠○<4><[U:1:184909507]><>" (damage "0")
L 11/10/2023 - 00:24:25: [playercommands.smx] "☺♦•◘♣☻♠○<4><[U:1:184909507]><>" slapped "☺♦•◘♣☻♠○<4><[U:1:184909507]><>" (damage "0")
L 11/10/2023 - 00:24:26: [playercommands.smx] "☺♦•◘♣☻♠○<4><[U:1:184909507]><>" slapped "☺♦•◘♣☻♠○<4><[U:1:184909507]><>" (damage "0")
L 11/10/2023 - 00:24:26: [playercommands.smx] "☺♦•◘♣☻♠○<4><[U:1:184909507]><>" slapped "☺♦•◘♣☻♠○<4><[U:1:184909507]><>" (damage "0")
L 11/10/2023 - 00:24:26: [playercommands.smx] "☺♦•◘♣☻♠○<4><[U:1:184909507]><>" slapped "☺♦•◘♣☻♠○<4><[U:1:184909507]><>" (damage "0")
L 11/10/2023 - 00:24:26: [playercommands.smx] "☺♦•◘♣☻♠○<4><[U:1:184909507]><>" slapped "☺♦•◘♣☻♠○<4><[U:1:184909507]><>" (damage "0")
L 11/10/2023 - 00:24:26: [playercommands.smx] "☺♦•◘♣☻♠○<4><[U:1:184909507]><>" slapped "☺♦•◘♣☻♠○<4><[U:1:184909507]><>" (damage "0")
L 11/10/2023 - 00:24:26: [playercommands.smx] "☺♦•◘♣☻♠○<4><[U:1:184909507]><>" slapped "☺♦•◘♣☻♠○<4><[U:1:184909507]><>" (damage "0")
L 11/10/2023 - 00:24:27: [playercommands.smx] "☺♦•◘♣☻♠○<4><[U:1:184909507]><>" slapped "☺♦•◘♣☻♠○<4><[U:1:184909507]><>" (damage "0")
L 11/10/2023 - 00:24:27: [playercommands.smx] "☺♦•◘♣☻♠○<4><[U:1:184909507]><>" slapped "☺♦•◘♣☻♠○<4><[U:1:184909507]><>" (damage "0")
L 11/10/2023 - 00:24:27: [playercommands.smx] "☺♦•◘♣☻♠○<4><[U:1:184909507]><>" slapped "☺♦•◘♣☻♠○<4><[U:1:184909507]><>" (damage "0")
L 11/10/2023 - 00:24:28: [playercommands.smx] "☺♦•◘♣☻♠○<4><[U:1:184909507]><>" slapped "☺♦•◘♣☻♠○<4><[U:1:184909507]><>" (damage "0")
L 11/10/2023 - 00:24:28: [playercommands.smx] "☺♦•◘♣☻♠○<4><[U:1:184909507]><>" slapped "☺♦•◘♣☻♠○<4><[U:1:184909507]><>" (damage "0")
L 11/10/2023 - 00:24:28: [playercommands.smx] "☺♦•◘♣☻♠○<4><[U:1:184909507]><>" slapped "☺♦•◘♣☻♠○<4><[U:1:184909507]><>" (damage "0")
L 11/10/2023 - 00:24:29: [playercommands.smx] "☺♦•◘♣☻♠○<4><[U:1:184909507]><>" slapped "☺♦•◘♣☻♠○<4><[U:1:184909507]><>" (damage "0")
L 11/10/2023 - 00:24:29: [playercommands.smx] "☺♦•◘♣☻♠○<4><[U:1:184909507]><>" slapped "☺♦•◘♣☻♠○<4><[U:1:184909507]><>" (damage "0")
L 11/10/2023 - 00:24:29: [playercommands.smx] "☺♦•◘♣☻♠○<4><[U:1:184909507]><>" slapped "☺♦•◘♣☻♠○<4><[U:1:184909507]><>" (damage "0")
L 11/10/2023 - 00:24:29: [playercommands.smx] "☺♦•◘♣☻♠○<4><[U:1:184909507]><>" slapped "☺♦•◘♣☻♠○<4><[U:1:184909507]><>" (damage "0")
L 11/10/2023 - 00:24:29: [playercommands.smx] "☺♦•◘♣☻♠○<4><[U:1:184909507]><>" slapped "☺♦•◘♣☻♠○<4><[U:1:184909507]><>" (damage "0")
L 11/10/2023 - 00:24:29: [playercommands.smx] "☺♦•◘♣☻♠○<4><[U:1:184909507]><>" slapped "☺♦•◘♣☻♠○<4><[U:1:184909507]><>" (damage "0")
L 11/10/2023 - 00:24:30: [playercommands.smx] "☺♦•◘♣☻♠○<4><[U:1:184909507]><>" slapped "☺♦•◘♣☻♠○<4><[U:1:184909507]><>" (damage "0")
L 11/10/2023 - 00:24:30: [playercommands.smx] "☺♦•◘♣☻♠○<4><[U:1:184909507]><>" slapped "☺♦•◘♣☻♠○<4><[U:1:184909507]><>" (damage "0")
L 11/10/2023 - 00:24:31: [playercommands.smx] "☺♦•◘♣☻♠○<4><[U:1:184909507]><>" slapped "☺♦•◘♣☻♠○<4><[U:1:184909507]><>" (damage "0")
L 11/10/2023 - 00:24:31: [playercommands.smx] "☺♦•◘♣☻♠○<4><[U:1:184909507]><>" slapped "☺♦•◘♣☻♠○<4><[U:1:184909507]><>" (damage "0")
L 11/10/2023 - 00:24:31: [playercommands.smx] "☺♦•◘♣☻♠○<4><[U:1:184909507]><>" slapped "☺♦•◘♣☻♠○<4><[U:1:184909507]><>" (damage "0")
L 11/10/2023 - 00:24:31: [playercommands.smx] "☺♦•◘♣☻♠○<4><[U:1:184909507]><>" slapped "☺♦•◘♣☻♠○<4><[U:1:184909507]><>" (damage "0")
L 11/10/2023 - 00:24:31: [playercommands.smx] "☺♦•◘♣☻♠○<4><[U:1:184909507]><>" slapped "☺♦•◘♣☻♠○<4><[U:1:184909507]><>" (damage "0")
L 11/10/2023 - 00:24:31: [playercommands.smx] "☺♦•◘♣☻♠○<4><[U:1:184909507]><>" slapped "☺♦•◘♣☻♠○<4><[U:1:184909507]><>" (damage "0")
L 11/10/2023 - 00:24:31: [playercommands.smx] "☺♦•◘♣☻♠○<4><[U:1:184909507]><>" slapped "☺♦•◘♣☻♠○<4><[U:1:184909507]><>" (damage "0")
L 11/10/2023 - 00:24:32: [playercommands.smx] "☺♦•◘♣☻♠○<4><[U:1:184909507]><>" slapped "☺♦•◘♣☻♠○<4><[U:1:184909507]><>" (damage "0")
L 11/10/2023 - 00:24:32: [playercommands.smx] "☺♦•◘♣☻♠○<4><[U:1:184909507]><>" slapped "☺♦•◘♣☻♠○<4><[U:1:184909507]><>" (damage "0")
L 11/10/2023 - 00:24:32: [playercommands.smx] "☺♦•◘♣☻♠○<4><[U:1:184909507]><>" slapped "☺♦•◘♣☻♠○<4><[U:1:184909507]><>" (damage "0")
L 11/10/2023 - 00:24:32: [playercommands.smx] "☺♦•◘♣☻♠○<4><[U:1:184909507]><>" slapped "☺♦•◘♣☻♠○<4><[U:1:184909507]><>" (damage "0")
L 11/10/2023 - 00:41:17: Log file closed.
L 11/10/2023 - 00:43:15: SourceMod log file session started (file "C:\Users\Administrator\Desktop\myserver\seri\steamapps\common\Team Fortress 2 Dedicated Server\tf\addons\sourcemod\logs\L20231110.log") (Version "1.11.0.6947")
L 11/10/2023 - 00:43:15: [rtd.smx] File test for rtd.phrases.txt: PASSED!
L 11/10/2023 - 00:43:15: [rtd.smx] File test for rtd_effects.cfg: PASSED!
L 11/10/2023 - 00:43:15: [rtd.smx] Loaded 35 effects: (19 good) (16 bad).
L 11/10/2023 - 00:43:40: [rtd.smx] Added chat trigger: rollthedice
L 11/10/2023 - 00:43:40: [rtd.smx] Added chat trigger: roll
L 11/10/2023 - 09:58:38: Log file closed.
L 11/10/2023 - 10:04:29: SourceMod log file session started (file "C:\Users\Administrator\Desktop\myserver\seri\steamapps\common\Team Fortress 2 Dedicated Server\tf\addons\sourcemod\logs\L20231110.log") (Version "1.11.0.6947")
L 11/10/2023 - 10:04:29: [rtd.smx] File test for rtd.phrases.txt: PASSED!
L 11/10/2023 - 10:04:29: [rtd.smx] File test for rtd_effects.cfg: PASSED!
L 11/10/2023 - 10:04:29: [rtd.smx] Loaded 35 effects: (19 good) (16 bad).
L 11/10/2023 - 10:04:54: [rtd.smx] Added chat trigger: rollthedice
L 11/10/2023 - 10:04:54: [rtd.smx] Added chat trigger: roll
L 11/10/2023 - 13:40:11: Log file closed.
L 11/10/2023 - 15:02:51: SourceMod log file session started (file "C:\Users\Administrator\Desktop\myserver\seri\steamapps\common\Team Fortress 2 Dedicated Server\tf\addons\sourcemod\logs\L20231110.log") (Version "1.11.0.6947")
L 11/10/2023 - 15:02:51: [rtd.smx] File test for rtd.phrases.txt: PASSED!
L 11/10/2023 - 15:02:51: [rtd.smx] File test for rtd_effects.cfg: PASSED!
L 11/10/2023 - 15:02:51: [rtd.smx] Loaded 35 effects: (19 good) (16 bad).
L 11/10/2023 - 15:03:19: [rtd.smx] Added chat trigger: rollthedice
L 11/10/2023 - 15:03:19: [rtd.smx] Added chat trigger: roll
L 11/10/2023 - 15:25:47: [playercommands.smx] "☺♦•◘♣☻♠○<2><[U:1:184909507]><>" slapped "Bronya Zaychick<3><[U:1:1042496483]><>" (damage "0")
L 11/10/2023 - 15:25:47: [playercommands.smx] "☺♦•◘♣☻♠○<2><[U:1:184909507]><>" slapped "Bronya Zaychick<3><[U:1:1042496483]><>" (damage "0")
L 11/10/2023 - 15:25:47: [playercommands.smx] "☺♦•◘♣☻♠○<2><[U:1:184909507]><>" slapped "Bronya Zaychick<3><[U:1:1042496483]><>" (damage "0")
L 11/10/2023 - 15:27:41: [playercommands.smx] "☺♦•◘♣☻♠○<2><[U:1:184909507]><>" renamed "Bronya Zaychick<3><[U:1:1042496483]><>" (to "yZaynyBBiiZorky")
L 11/10/2023 - 15:27:44: [playercommands.smx] "☺♦•◘♣☻♠○<2><[U:1:184909507]><>" renamed "yZaynyBBiiZorky<3><[U:1:1042496483]><>" (to "kByZByByoZikZBo")
L 11/10/2023 - 15:27:44: [playercommands.smx] "☺♦•◘♣☻♠○<2><[U:1:184909507]><>" renamed "kByZByByoZikZBo<3><[U:1:1042496483]><>" (to "ZkBZBkyykokBZko")
L 11/10/2023 - 15:27:45: [playercommands.smx] "☺♦•◘♣☻♠○<2><[U:1:184909507]><>" renamed "ZkBZBkyykokBZko<3><[U:1:1042496483]><>" (to "oyyZkyZBZkykkyy")
L 11/10/2023 - 15:27:45: [playercommands.smx] "☺♦•◘♣☻♠○<2><[U:1:184909507]><>" renamed "oyyZkyZBZkykkyy<3><[U:1:1042496483]><>" (to "yykyZyByyZykoky")
L 11/10/2023 - 15:27:45: [playercommands.smx] "☺♦•◘♣☻♠○<2><[U:1:184909507]><>" renamed "yykyZyByyZykoky<3><[U:1:1042496483]><>" (to "yyoByBZykyZykyo")
L 11/10/2023 - 15:27:45: [playercommands.smx] "☺♦•◘♣☻♠○<2><[U:1:184909507]><>" renamed "yyoByBZykyZykyo<3><[U:1:1042496483]><>" (to "yBBZyoyBBkoyyyo")
L 11/10/2023 - 15:30:32: [basecommands.smx] "☺♦•◘♣☻♠○<2><[U:1:184909507]><>" kicked "yBBZyoyBBkoyyyo<3><[U:1:1042496483]><>" (reason "")
L 11/10/2023 - 15:31:37: [playercommands.smx] "☺♦•◘♣☻♠○<2><[U:1:184909507]><>" slayed "Bronya Zaychick<4><[U:1:1042496483]><>"
L 11/10/2023 - 15:31:50: [playercommands.smx] "☺♦•◘♣☻♠○<2><[U:1:184909507]><>" slapped "Bronya Zaychick<4><[U:1:1042496483]><>" (damage "1")
L 11/10/2023 - 15:31:58: [playercommands.smx] "☺♦•◘♣☻♠○<2><[U:1:184909507]><>" slapped "Bronya Zaychick<4><[U:1:1042496483]><>" (damage "1")
L 11/10/2023 - 15:31:58: [playercommands.smx] "☺♦•◘♣☻♠○<2><[U:1:184909507]><>" slapped "Bronya Zaychick<4><[U:1:1042496483]><>" (damage "1")
L 11/10/2023 - 15:32:25: [playercommands.smx] "☺♦•◘♣☻♠○<2><[U:1:184909507]><>" slayed "Bronya Zaychick<4><[U:1:1042496483]><>"
L 11/10/2023 - 15:32:53: [funcommands.smx] "☺♦•◘♣☻♠○<2><[U:1:184909507]><>" set a beacon on "Bronya Zaychick<4><[U:1:1042496483]><>"
L 11/10/2023 - 15:34:00: [basebans.smx] "☺♦•◘♣☻♠○<2><[U:1:184909507]><>" banned "Bronya Zaychick<4><[U:1:1042496483]><>" (minutes "0") (reason "Wallhack")
L 11/10/2023 - 17:43:49: "maksim_64<7><[U:1:1243028107]><>" was already connected to the server.
L 11/10/2023 - 17:57:25: [funcommands.smx] "☺♦•◘♣☻♠○<8><[U:1:184909507]><>" toggled noclip on "☺♦•◘♣☻♠○<8><[U:1:184909507]><>"
L 11/10/2023 - 17:57:27: [funcommands.smx] "☺♦•◘♣☻♠○<8><[U:1:184909507]><>" toggled noclip on "☺♦•◘♣☻♠○<8><[U:1:184909507]><>"
L 11/10/2023 - 17:57:28: [funcommands.smx] "☺♦•◘♣☻♠○<8><[U:1:184909507]><>" toggled noclip on "☺♦•◘♣☻♠○<8><[U:1:184909507]><>"
L 11/10/2023 - 17:57:43: [funcommands.smx] "☺♦•◘♣☻♠○<8><[U:1:184909507]><>" toggled noclip on "☺♦•◘♣☻♠○<8><[U:1:184909507]><>"
L 11/10/2023 - 18:09:18: [basechat.smx] "☺♦•◘♣☻♠○<8><[U:1:184909507]><>" triggered sm_csay (text asd)
L 11/10/2023 - 18:09:57: [basechat.smx] "Console<0><Console><Console>" triggered sm_csay (text asd)
L 11/10/2023 - 20:14:50: [funcommands.smx] "☺♦•◘♣☻♠○<14><[U:1:184909507]><>" toggled noclip on "☺♦•◘♣☻♠○<14><[U:1:184909507]><>"
L 11/10/2023 - 20:14:52: [funcommands.smx] "☺♦•◘♣☻♠○<14><[U:1:184909507]><>" toggled noclip on "☺♦•◘♣☻♠○<14><[U:1:184909507]><>"
L 11/10/2023 - 20:15:04: [funcommands.smx] "☺♦•◘♣☻♠○<14><[U:1:184909507]><>" toggled noclip on "☺♦•◘♣☻♠○<14><[U:1:184909507]><>"
L 11/10/2023 - 20:15:07: [funcommands.smx] "☺♦•◘♣☻♠○<14><[U:1:184909507]><>" toggled noclip on "☺♦•◘♣☻♠○<14><[U:1:184909507]><>"
L 11/10/2023 - 21:42:36: [playercommands.smx] "☺♦•◘♣☻♠○<14><[U:1:184909507]><>" slayed "☺♦•◘♣☻♠○<14><[U:1:184909507]><>"
L 11/10/2023 - 21:42:40: [playercommands.smx] "☺♦•◘♣☻♠○<14><[U:1:184909507]><>" slayed "Erdoodre<15><[U:1:356621499]><>"
L 11/10/2023 - 22:16:04: Log file closed.
L 11/10/2023 - 22:16:28: SourceMod log file session started (file "C:\Users\Administrator\Desktop\myserver\seri\steamapps\common\Team Fortress 2 Dedicated Server\tf\addons\sourcemod\logs\L20231110.log") (Version "1.11.0.6947")
L 11/10/2023 - 22:16:28: [rtd.smx] File test for rtd.phrases.txt: PASSED!
L 11/10/2023 - 22:16:28: [rtd.smx] File test for rtd_effects.cfg: PASSED!
L 11/10/2023 - 22:16:28: [rtd.smx] Loaded 35 effects: (19 good) (16 bad).
L 11/10/2023 - 22:18:05: [rtd.smx] Added chat trigger: rollthedice
L 11/10/2023 - 22:18:05: [rtd.smx] Added chat trigger: roll
