L 11/16/2023 - 12:54:28: SourceMod log file session started (file "C:\Users\Administrator\Desktop\myserver\seri\steamapps\common\Team Fortress 2 Dedicated Server\tf\addons\sourcemod\logs\L20231116.log") (Version "1.11.0.6947")
L 11/16/2023 - 12:54:28: Log file closed.
L 11/16/2023 - 20:16:43: SourceMod log file session started (file "C:\Users\Administrator\Desktop\myserver\seri\steamapps\common\Team Fortress 2 Dedicated Server\tf\addons\sourcemod\logs\L20231116.log") (Version "1.11.0.6947")
L 11/16/2023 - 20:16:43: [TF2ITEMS] "GiveNamedItem" offset = 472
L 11/16/2023 - 20:17:06: [UPDATER] Successfully updated gamedata file "tf2.items.txt"
L 11/16/2023 - 20:17:06: [UPDATER] SourceMod has been updated, please reload it or restart your server.
L 11/16/2023 - 20:17:55: SourceMod log file session started (file "C:\Users\Administrator\Desktop\myserver\seri\steamapps\common\Team Fortress 2 Dedicated Server\tf\addons\sourcemod\logs\L20231116.log") (Version "1.11.0.6947")
L 11/16/2023 - 20:17:55: [TF2ITEMS] "GiveNamedItem" offset = 486
L 11/16/2023 - 20:23:59: Log file closed.
L 11/16/2023 - 20:29:53: SourceMod log file session started (file "C:\Users\Administrator\Desktop\myserver\seri\steamapps\common\Team Fortress 2 Dedicated Server\tf\addons\sourcemod\logs\L20231116.log") (Version "1.11.0.6947")
L 11/16/2023 - 20:29:53: [TF2ITEMS] "GiveNamedItem" offset = 486
L 11/16/2023 - 20:36:03: Log file closed.
L 11/16/2023 - 20:36:18: SourceMod log file session started (file "C:\Users\Administrator\Desktop\myserver\seri\steamapps\common\Team Fortress 2 Dedicated Server\tf\addons\sourcemod\logs\L20231116.log") (Version "1.11.0.6947")
L 11/16/2023 - 20:36:18: [TF2ITEMS] "GiveNamedItem" offset = 486
L 11/16/2023 - 20:37:55: Log file closed.
L 11/16/2023 - 20:45:06: SourceMod log file session started (file "C:\Users\Administrator\Desktop\myserver\seri\steamapps\common\Team Fortress 2 Dedicated Server\tf\addons\sourcemod\logs\L20231116.log") (Version "1.11.0.6947")
L 11/16/2023 - 20:45:06: [TF2ITEMS] "GiveNamedItem" offset = 486
L 11/16/2023 - 20:48:57: Log file closed.
L 11/16/2023 - 20:52:54: SourceMod log file session started (file "C:\Users\Administrator\Desktop\myserver\seri\steamapps\common\Team Fortress 2 Dedicated Server\tf\addons\sourcemod\logs\L20231116.log") (Version "1.11.0.6947")
L 11/16/2023 - 20:52:54: [TF2ITEMS] "GiveNamedItem" offset = 486
L 11/16/2023 - 20:52:55: [GEOIP] GeoIP2 database loaded: GeoLite2-City (2019-12-17 20:01:26 UTC) (C:\Users\Administrator\Desktop\myserver\seri\steamapps\common\Team Fortress 2 Dedicated Server\tf\addons\sourcemod\configs\geoip\GeoLite2-City.mmdb)
L 11/16/2023 - 20:52:55: [GEOIP] GeoIP2 supported languages: de en es fr ja pt-BR ru zh-CN
L 11/16/2023 - 20:52:55: [GEOIP] Your database is older than 90 days. You should consider downloading a newer version from e.g. https://dev.maxmind.com/geoip/geolite2-free-geolocation-data
L 11/16/2023 - 20:52:55: [TF2_Stats.smx] TF2_Stats connected to SQLite Database!
L 11/16/2023 - 20:59:36: Log file closed.
L 11/16/2023 - 21:06:49: SourceMod log file session started (file "C:\Users\Administrator\Desktop\myserver\seri\steamapps\common\Team Fortress 2 Dedicated Server\tf\addons\sourcemod\logs\L20231116.log") (Version "1.11.0.6947")
L 11/16/2023 - 21:06:49: [TF2ITEMS] "GiveNamedItem" offset = 486
L 11/16/2023 - 21:06:50: [GEOIP] GeoIP2 database loaded: GeoLite2-City (2019-12-17 20:01:26 UTC) (C:\Users\Administrator\Desktop\myserver\seri\steamapps\common\Team Fortress 2 Dedicated Server\tf\addons\sourcemod\configs\geoip\GeoLite2-City.mmdb)
L 11/16/2023 - 21:06:50: [GEOIP] GeoIP2 supported languages: de en es fr ja pt-BR ru zh-CN
L 11/16/2023 - 21:06:50: [GEOIP] Your database is older than 90 days. You should consider downloading a newer version from e.g. https://dev.maxmind.com/geoip/geolite2-free-geolocation-data
L 11/16/2023 - 21:06:51: [TF2_Stats.smx] TF2_Stats connected to SQLite Database!
L 11/16/2023 - 21:10:51: Log file closed.
L 11/16/2023 - 21:19:29: SourceMod log file session started (file "C:\Users\Administrator\Desktop\myserver\seri\steamapps\common\Team Fortress 2 Dedicated Server\tf\addons\sourcemod\logs\L20231116.log") (Version "1.11.0.6947")
L 11/16/2023 - 21:19:29: [TF2ITEMS] "GiveNamedItem" offset = 486
L 11/16/2023 - 21:19:30: [GEOIP] GeoIP2 database loaded: GeoLite2-City (2019-12-17 20:01:26 UTC) (C:\Users\Administrator\Desktop\myserver\seri\steamapps\common\Team Fortress 2 Dedicated Server\tf\addons\sourcemod\configs\geoip\GeoLite2-City.mmdb)
L 11/16/2023 - 21:19:30: [GEOIP] GeoIP2 supported languages: de en es fr ja pt-BR ru zh-CN
L 11/16/2023 - 21:19:30: [GEOIP] Your database is older than 90 days. You should consider downloading a newer version from e.g. https://dev.maxmind.com/geoip/geolite2-free-geolocation-data
L 11/16/2023 - 21:19:32: [TF2_Stats.smx] TF2_Stats connected to SQLite Database!
L 11/16/2023 - 21:29:35: Log file closed.
L 11/16/2023 - 21:29:54: SourceMod log file session started (file "C:\Users\Administrator\Desktop\myserver\seri\steamapps\common\Team Fortress 2 Dedicated Server\tf\addons\sourcemod\logs\L20231116.log") (Version "1.11.0.6947")
L 11/16/2023 - 21:29:54: [TF2ITEMS] "GiveNamedItem" offset = 486
L 11/16/2023 - 21:29:55: [GEOIP] GeoIP2 database loaded: GeoLite2-City (2019-12-17 20:01:26 UTC) (C:\Users\Administrator\Desktop\myserver\seri\steamapps\common\Team Fortress 2 Dedicated Server\tf\addons\sourcemod\configs\geoip\GeoLite2-City.mmdb)
L 11/16/2023 - 21:29:55: [GEOIP] GeoIP2 supported languages: de en es fr ja pt-BR ru zh-CN
L 11/16/2023 - 21:29:55: [GEOIP] Your database is older than 90 days. You should consider downloading a newer version from e.g. https://dev.maxmind.com/geoip/geolite2-free-geolocation-data
L 11/16/2023 - 21:29:57: [TF2_Stats.smx] TF2_Stats connected to SQLite Database!
L 11/16/2023 - 21:35:27: [funcommands.smx] "☺♦•◘♣☻♠○<2><[U:1:184909507]><>" toggled noclip on "☺♦•◘♣☻♠○<2><[U:1:184909507]><>"
L 11/16/2023 - 21:35:38: [funcommands.smx] "☺♦•◘♣☻♠○<2><[U:1:184909507]><>" toggled noclip on "☺♦•◘♣☻♠○<2><[U:1:184909507]><>"
L 11/17/2023 - 09:30:36: Log file closed.
